This is pdfTeX, Version 3.1415926-2.3-1.40.12 (TeX Live 2011) (format=pdflatex 2011.7.3)  8 DEC 2014 02:15
entering extended mode
 \write18 enabled.
 file:line:error style messages enabled.
 %&-line parsing enabled.
**report.tex
(./report.tex
LaTeX2e <2009/09/24>
Babel <v3.8l> and hyphenation patterns for english, dumylang, nohyphenation, ge
rman-x-2009-06-19, ngerman-x-2009-06-19, afrikaans, ancientgreek, ibycus, arabi
c, armenian, basque, bulgarian, catalan, pinyin, coptic, croatian, czech, danis
h, dutch, ukenglish, usenglishmax, esperanto, estonian, ethiopic, farsi, finnis
h, french, galician, german, ngerman, swissgerman, monogreek, greek, hungarian,
 icelandic, assamese, bengali, gujarati, hindi, kannada, malayalam, marathi, or
iya, panjabi, tamil, telugu, indonesian, interlingua, irish, italian, kurmanji,
 lao, latin, latvian, lithuanian, mongolian, mongolianlmc, bokmal, nynorsk, pol
ish, portuguese, romanian, russian, sanskrit, serbian, serbianc, slovak, sloven
ian, spanish, swedish, turkish, turkmen, ukrainian, uppersorbian, welsh, loaded
.
(./svjour.cls
Document Class: svjour 1997/11/17 
LaTeX document class for Springer journals - version 1.1
(/usr/local/texlive/2011/texmf-dist/tex/latex/base/inputenc.sty
Package: inputenc 2008/03/30 v1.1d Input encoding file
\inpenc@prehook=\toks14
\inpenc@posthook=\toks15

(/usr/local/texlive/2011/texmf-dist/tex/latex/base/latin1.def
File: latin1.def 2008/03/30 v1.1d Input encoding file
)) (./svepjH.clo
File: svepjH.clo 2006/9/9 v1 style option for The European Physical Journal H

Class option: svepjH.clo for The European Physical Journal H
)
LaTeX Font Info:    Redeclaring math symbol \Gamma on input line 92.
LaTeX Font Info:    Redeclaring math symbol \Delta on input line 93.
LaTeX Font Info:    Redeclaring math symbol \Theta on input line 94.
LaTeX Font Info:    Redeclaring math symbol \Lambda on input line 95.
LaTeX Font Info:    Redeclaring math symbol \Xi on input line 96.
LaTeX Font Info:    Redeclaring math symbol \Pi on input line 97.
LaTeX Font Info:    Redeclaring math symbol \Sigma on input line 98.
LaTeX Font Info:    Redeclaring math symbol \Upsilon on input line 99.
LaTeX Font Info:    Redeclaring math symbol \Phi on input line 100.
LaTeX Font Info:    Redeclaring math symbol \Psi on input line 101.
LaTeX Font Info:    Redeclaring math symbol \Omega on input line 102.
\logodepth=\dimen102
\headerboxheight=\dimen103
\betweenumberspace=\dimen104
\aftertext=\dimen105
\headlineindent=\dimen106
\c@inst=\count79
\c@auth=\count80
\instindent=\dimen107
\authrun=\box26
\authorrunning=\toks16
\titrun=\box27
\titlerunning=\toks17
\c@section=\count81
\c@subsection=\count82
\c@subsubsection=\count83
\c@paragraph=\count84
\c@subparagraph=\count85
\c@theorem=\count86
\c@case=\count87
\c@conjecture=\count88
\c@corollary=\count89
\c@definition=\count90
\c@example=\count91
\c@exercise=\count92
\c@lemma=\count93
\c@note=\count94
\c@problem=\count95
\c@property=\count96
\c@proposition=\count97
\c@question=\count98
\c@solution=\count99
\c@remark=\count100
\c@figure=\count101
\c@table=\count102
\abovecaptionskip=\skip41
\belowcaptionskip=\skip42
\figcapgap=\dimen108
\tabcapgap=\dimen109
\figgap=\dimen110
\bibindent=\dimen111
\@tempcntc=\count103
) (/usr/local/texlive/2011/texmf-dist/tex/latex/graphics/graphicx.sty
Package: graphicx 1999/02/16 v1.0f Enhanced LaTeX Graphics (DPC,SPQR)

(/usr/local/texlive/2011/texmf-dist/tex/latex/graphics/keyval.sty
Package: keyval 1999/03/16 v1.13 key=value parser (DPC)
\KV@toks@=\toks18
)
(/usr/local/texlive/2011/texmf-dist/tex/latex/graphics/graphics.sty
Package: graphics 2009/02/05 v1.0o Standard LaTeX Graphics (DPC,SPQR)

(/usr/local/texlive/2011/texmf-dist/tex/latex/graphics/trig.sty
Package: trig 1999/03/16 v1.09 sin cos tan (DPC)
)
(/usr/local/texlive/2011/texmf-dist/tex/latex/latexconfig/graphics.cfg
File: graphics.cfg 2010/04/23 v1.9 graphics configuration of TeX Live
)
Package graphics Info: Driver file: pdftex.def on input line 91.

(/usr/local/texlive/2011/texmf-dist/tex/latex/pdftex-def/pdftex.def
File: pdftex.def 2011/05/27 v0.06d Graphics/color for pdfTeX

(/usr/local/texlive/2011/texmf-dist/tex/generic/oberdiek/infwarerr.sty
Package: infwarerr 2010/04/08 v1.3 Providing info/warning/message (HO)
)
(/usr/local/texlive/2011/texmf-dist/tex/generic/oberdiek/ltxcmds.sty
Package: ltxcmds 2011/04/18 v1.20 LaTeX kernel commands for general use (HO)
)
\Gread@gobject=\count104
))
\Gin@req@height=\dimen112
\Gin@req@width=\dimen113
)
(/usr/local/texlive/2011/texmf-dist/tex/latex/subfig/subfig.sty
Package: subfig 2005/06/28 ver: 1.3 subfig package

(/usr/local/texlive/2011/texmf-dist/tex/latex/caption/caption.sty
Package: caption 2010/01/09 v3.1m Customizing captions (AR)

(/usr/local/texlive/2011/texmf-dist/tex/latex/caption/caption3.sty
Package: caption3 2010/01/14 v3.1m caption3 kernel (AR)
\captionmargin=\dimen114
\captionmargin@=\dimen115
\captionwidth=\dimen116
\caption@indent=\dimen117
\caption@parindent=\dimen118
\caption@hangindent=\dimen119
Package caption Info: Unknown document class (or package),
(caption)             standard defaults will be used on input line 1084.
)

Package caption Warning: Unsupported document class (or package) detected,
(caption)                usage of the caption package is not recommended.
See the caption package documentation for explanation.

Package caption Info: \@makecaption = \long macro:#1#2->\captionstyle \ifx \@ca
ptype \fig@type \vskip \figcapgap \fi \setbox \@tempboxa \hbox {{\floatlegendst
yle #1\floatcounterend }\capstrut #2}\ifdim \wd \@tempboxa >\hsize {\floatlegen
dstyle #1\floatcounterend }\capstrut #2\par \else \hbox to\hsize {\leftlegendgl
ue \unhbox \@tempboxa \hfil }\fi \ifx \@captype \fig@type \else \vskip \tabcapg
ap \fi .
\c@ContinuedFloat=\count105
)
\c@KVtest=\count106
\sf@farskip=\skip43
\sf@captopadj=\dimen120
\sf@capskip=\skip44
\sf@nearskip=\skip45
\c@subfigure=\count107
\c@subfigure@save=\count108
\c@lofdepth=\count109
\c@subtable=\count110
\c@subtable@save=\count111
\c@lotdepth=\count112
\sf@top=\skip46
\sf@bottom=\skip47
) (/usr/local/texlive/2011/texmf-dist/tex/latex/amsfonts/amssymb.sty
Package: amssymb 2009/06/22 v3.00

(/usr/local/texlive/2011/texmf-dist/tex/latex/amsfonts/amsfonts.sty
Package: amsfonts 2009/06/22 v3.00 Basic AMSFonts support
\@emptytoks=\toks19
\symAMSa=\mathgroup4
\symAMSb=\mathgroup5
LaTeX Font Info:    Overwriting math alphabet `\mathfrak' in version `bold'
(Font)                  U/euf/m/n --> U/euf/b/n on input line 96.
))
(/usr/local/texlive/2011/texmf-dist/tex/latex/bbm-macros/bbm.sty
Package: bbm 1999/03/15 V 1.2 provides fonts for set symbols - TH
LaTeX Font Info:    Overwriting math alphabet `\mathbbm' in version `bold'
(Font)                  U/bbm/m/n --> U/bbm/bx/n on input line 33.
LaTeX Font Info:    Overwriting math alphabet `\mathbbmss' in version `bold'
(Font)                  U/bbmss/m/n --> U/bbmss/bx/n on input line 35.
)
(/usr/local/texlive/2011/texmf-dist/tex/latex/wrapfig/wrapfig.sty
\wrapoverhang=\dimen121
\WF@size=\dimen122
\c@WF@wrappedlines=\count113
\WF@box=\box28
\WF@everypar=\toks20
Package: wrapfig 2003/01/31  v 3.6
)
(./report.aux)
\openout1 = `report.aux'.

LaTeX Font Info:    Checking defaults for OML/cmm/m/it on input line 17.
LaTeX Font Info:    ... okay on input line 17.
LaTeX Font Info:    Checking defaults for T1/cmr/m/n on input line 17.
LaTeX Font Info:    ... okay on input line 17.
LaTeX Font Info:    Checking defaults for OT1/cmr/m/n on input line 17.
LaTeX Font Info:    ... okay on input line 17.
LaTeX Font Info:    Checking defaults for OMS/cmsy/m/n on input line 17.
LaTeX Font Info:    ... okay on input line 17.
LaTeX Font Info:    Checking defaults for OMX/cmex/m/n on input line 17.
LaTeX Font Info:    ... okay on input line 17.
LaTeX Font Info:    Checking defaults for U/cmr/m/n on input line 17.
LaTeX Font Info:    ... okay on input line 17.

(/usr/local/texlive/2011/texmf-dist/tex/context/base/supp-pdf.mkii
[Loading MPS to PDF converter (version 2006.09.02).]
\scratchcounter=\count114
\scratchdimen=\dimen123
\scratchbox=\box29
\nofMPsegments=\count115
\nofMParguments=\count116
\everyMPshowfont=\toks21
\MPscratchCnt=\count117
\MPscratchDim=\dimen124
\MPnumerator=\count118
\makeMPintoPDFobject=\count119
\everyMPtoPDFconversion=\toks22
) (/usr/local/texlive/2011/texmf-dist/tex/generic/oberdiek/pdftexcmds.sty
Package: pdftexcmds 2011/04/22 v0.16 Utilities of pdfTeX for LuaTeX (HO)

(/usr/local/texlive/2011/texmf-dist/tex/generic/oberdiek/ifluatex.sty
Package: ifluatex 2010/03/01 v1.3 Provides the ifluatex switch (HO)
Package ifluatex Info: LuaTeX not detected.
)
(/usr/local/texlive/2011/texmf-dist/tex/generic/oberdiek/ifpdf.sty
Package: ifpdf 2011/01/30 v2.3 Provides the ifpdf switch (HO)
Package ifpdf Info: pdfTeX in PDF mode is detected.
)
Package pdftexcmds Info: LuaTeX not detected.
Package pdftexcmds Info: \pdf@primitive is available.
Package pdftexcmds Info: \pdf@ifprimitive is available.
Package pdftexcmds Info: \pdfdraftmode found.
)
(/usr/local/texlive/2011/texmf-dist/tex/latex/oberdiek/epstopdf-base.sty
Package: epstopdf-base 2010/02/09 v2.5 Base part for package epstopdf

(/usr/local/texlive/2011/texmf-dist/tex/latex/oberdiek/grfext.sty
Package: grfext 2010/08/19 v1.1 Managing graphics extensions (HO)

(/usr/local/texlive/2011/texmf-dist/tex/generic/oberdiek/kvdefinekeys.sty
Package: kvdefinekeys 2011/04/07 v1.3 Defining keys (HO)
))
(/usr/local/texlive/2011/texmf-dist/tex/latex/oberdiek/kvoptions.sty
Package: kvoptions 2010/12/23 v3.10 Keyval support for LaTeX options (HO)

(/usr/local/texlive/2011/texmf-dist/tex/generic/oberdiek/kvsetkeys.sty
Package: kvsetkeys 2011/04/07 v1.13 Key value parser (HO)

(/usr/local/texlive/2011/texmf-dist/tex/generic/oberdiek/etexcmds.sty
Package: etexcmds 2011/02/16 v1.5 Prefix for e-TeX command names (HO)
Package etexcmds Info: Could not find \expanded.
(etexcmds)             That can mean that you are not using pdfTeX 1.50 or
(etexcmds)             that some package has redefined \expanded.
(etexcmds)             In the latter case, load this package earlier.
)))
Package grfext Info: Graphics extension search list:
(grfext)             [.png,.pdf,.jpg,.mps,.jpeg,.jbig2,.jb2,.PNG,.PDF,.JPG,.JPE
G,.JBIG2,.JB2,.eps]
(grfext)             \AppendGraphicsExtensions on input line 452.

(/usr/local/texlive/2011/texmf-dist/tex/latex/latexconfig/epstopdf-sys.cfg
File: epstopdf-sys.cfg 2010/07/13 v1.3 Configuration of (r)epstopdf for TeX Liv
e
))
Package caption Info: Begin \AtBeginDocument code.
Package caption3 Info: subfig package 1.2 or 1.3 is loaded.
LaTeX Info: Redefining \subref on input line 17.
Package caption Info: wrapfig package is loaded.
Package caption Info: End \AtBeginDocument code.
LaTeX Font Info:    Try loading font information for U+msa on input line 38.

(/usr/local/texlive/2011/texmf-dist/tex/latex/amsfonts/umsa.fd
File: umsa.fd 2009/06/22 v3.00 AMS symbols A
)
LaTeX Font Info:    Try loading font information for U+msb on input line 38.

(/usr/local/texlive/2011/texmf-dist/tex/latex/amsfonts/umsb.fd
File: umsb.fd 2009/06/22 v3.00 AMS symbols B
) [1{/usr/local/texlive/2011/texmf-var/fonts/map/pdftex/updmap/pdftex.map}] [2]
 [3]
Overfull \hbox (15.12581pt too wide) in paragraph at lines 93--94
 \OT1/cmss/bx/n/10 Type of data [] \OT1/cmr/m/n/10 We also col-lected raw data 
data for the sta-tis-ti-cal anal-y-sis and parametriza-
 []


Package pdftex.def Warning: Option `bb' does not make sense,
(pdftex.def)                using `viewport' instead on input line 123.

<data.pdf, id=20, 722.7pt x 542.025pt>
File: data.pdf Graphic file (type pdf)
 <use data.pdf>
Package pdftex.def Info: data.pdf used on input line 123.
(pdftex.def)             Requested size: 325.21199pt x 198.74066pt.


LaTeX Warning: `h' float specifier changed to `ht'.

[4]
Overfull \hbox (70.49377pt too wide) in paragraph at lines 148--183
 [][] 
 []


LaTeX Warning: `h' float specifier changed to `ht'.

[5 <./data.pdf>] [6] [7] [8]
</Users/Juste/Documents/ComplexSystems/CityBikes/Results/Visu/availableBikes.pd
f, id=152, 844.15375pt x 597.23125pt>
File: /Users/Juste/Documents/ComplexSystems/CityBikes/Results/Visu/availableBik
es.pdf Graphic file (type pdf)

<use /Users/Juste/Documents/ComplexSystems/CityBikes/Results/Visu/availableBike
s.pdf>
Package pdftex.def Info: /Users/Juste/Documents/ComplexSystems/CityBikes/Result
s/Visu/availableBikes.pdf used on input line 334.
(pdftex.def)             Requested size: 379.86568pt x 268.75157pt.


Package caption Warning: \label before \caption on input line 351.
See the caption package documentation for explanation.


LaTeX Warning: Reference `fig:heatmaps' on page 9 undefined on input line 347.


</Users/Juste/Documents/ComplexSystems/CityBikes/Results/Views/lfmidnight.png, 
id=153, 804.00375pt x 498.86375pt>
File: /Users/Juste/Documents/ComplexSystems/CityBikes/Results/Views/lfmidnight.
png Graphic file (type png)

<use /Users/Juste/Documents/ComplexSystems/CityBikes/Results/Views/lfmidnight.p
ng>
Package pdftex.def Info: /Users/Juste/Documents/ComplexSystems/CityBikes/Result
s/Views/lfmidnight.png used on input line 352.
(pdftex.def)             Requested size: 361.79836pt x 224.4866pt.

</Users/Juste/Documents/ComplexSystems/CityBikes/Results/Views/lfMidday.png, id
=155, 804.00375pt x 498.86375pt>
File: /Users/Juste/Documents/ComplexSystems/CityBikes/Results/Views/lfMidday.pn
g Graphic file (type png)

<use /Users/Juste/Documents/ComplexSystems/CityBikes/Results/Views/lfMidday.png
>
Package pdftex.def Info: /Users/Juste/Documents/ComplexSystems/CityBikes/Result
s/Views/lfMidday.png used on input line 353.
(pdftex.def)             Requested size: 361.79836pt x 224.4866pt.
 [9]

Package caption Warning: \label before \caption on input line 403.
See the caption package documentation for explanation.


LaTeX Warning: Reference `fig:info' on page 10 undefined on input line 398.


</Users/Juste/Documents/ComplexSystems/CityBikes/Results/Clustering/clusterNumb
er.pdf, id=160, 578.16pt x 578.16pt>
File: /Users/Juste/Documents/ComplexSystems/CityBikes/Results/Clustering/cluste
rNumber.pdf Graphic file (type pdf)

<use /Users/Juste/Documents/ComplexSystems/CityBikes/Results/Clustering/cluster
Number.pdf>
Package pdftex.def Info: /Users/Juste/Documents/ComplexSystems/CityBikes/Result
s/Clustering/clusterNumber.pdf used on input line 409.
(pdftex.def)             Requested size: 173.44933pt x 173.44933pt.

</Users/Juste/Documents/ComplexSystems/CityBikes/Results/Clustering/infoLoss.pd
f, id=161, 578.16pt x 578.16pt>
File: /Users/Juste/Documents/ComplexSystems/CityBikes/Results/Clustering/infoLo
ss.pdf Graphic file (type pdf)

<use /Users/Juste/Documents/ComplexSystems/CityBikes/Results/Clustering/infoLos
s.pdf>
Package pdftex.def Info: /Users/Juste/Documents/ComplexSystems/CityBikes/Result
s/Clustering/infoLoss.pdf used on input line 415.
(pdftex.def)             Requested size: 173.44933pt x 173.44933pt.


Package caption Warning: \label before \caption on input line 439.
See the caption package documentation for explanation.


LaTeX Warning: Reference `fig:clustering' on page 10 undefined on input line 43
4.


</Users/Juste/Documents/ComplexSystems/CityBikes/Results/Clustering/week.pdf, i
d=162, 844.15375pt x 597.23125pt>
File: /Users/Juste/Documents/ComplexSystems/CityBikes/Results/Clustering/week.p
df Graphic file (type pdf)

<use /Users/Juste/Documents/ComplexSystems/CityBikes/Results/Clustering/week.pd
f>
Package pdftex.def Info: /Users/Juste/Documents/ComplexSystems/CityBikes/Result
s/Clustering/week.pdf used on input line 443.
(pdftex.def)             Requested size: 211.03792pt x 149.30743pt.

</Users/Juste/Documents/ComplexSystems/CityBikes/Results/Clustering/curves.pdf,
 id=163, 844.15375pt x 597.23125pt>
File: /Users/Juste/Documents/ComplexSystems/CityBikes/Results/Clustering/curves
.pdf Graphic file (type pdf)

<use /Users/Juste/Documents/ComplexSystems/CityBikes/Results/Clustering/curves.
pdf>
Package pdftex.def Info: /Users/Juste/Documents/ComplexSystems/CityBikes/Result
s/Clustering/curves.pdf used on input line 446.
(pdftex.def)             Requested size: 211.03792pt x 149.30743pt.
 [10 </Users/Juste/Documents/ComplexSystems/CityBikes/Results/Visu/availableBik
es.pdf>] [11 </Users/Juste/Documents/ComplexSystems/CityBikes/Results/Views/lfm
idnight.png> </Users/Juste/Documents/ComplexSystems/CityBikes/Results/Views/lfM
idday.png>] [12 </Users/Juste/Documents/ComplexSystems/CityBikes/Results/Cluste
ring/clusterNumber.pdf> </Users/Juste/Documents/ComplexSystems/CityBikes/Result
s/Clustering/infoLoss.pdf>] [13 </Users/Juste/Documents/ComplexSystems/CityBike
s/Results/Clustering/week.pdf> </Users/Juste/Documents/ComplexSystems/CityBikes
/Results/Clustering/curves.pdf>]
<figures/flowchart.pdf, id=207, 722.7pt x 542.025pt>
File: figures/flowchart.pdf Graphic file (type pdf)

<use figures/flowchart.pdf>
Package pdftex.def Info: figures/flowchart.pdf used on input line 515.
(pdftex.def)             Requested size: 202.35461pt x 151.76596pt.

Overfull \hbox (54.75687pt too wide) in paragraph at lines 515--516
 [][] 
 []

[14]
Underfull \vbox (badness 1033) has occurred while \output is active []

 [15 <./figures/flowchart.pdf>]

LaTeX Warning: Command \textquoteright invalid in math mode on input line 606.


LaTeX Warning: Command \textquoteright invalid in math mode on input line 613.

[16]

Package caption Warning: \label before \caption on input line 656.
See the caption package documentation for explanation.


LaTeX Warning: Reference `fig:calib' on page 17 undefined on input line 651.

<figures/calib3d.pdf, id=352, 578.16pt x 578.16pt>
File: figures/calib3d.pdf Graphic file (type pdf)
 <use figures/calib3d.pdf>
Package pdftex.def Info: figures/calib3d.pdf used on input line 658.
(pdftex.def)             Requested size: 173.44933pt x 173.44933pt.

<figures/calib_chaos.pdf, id=353, 578.16pt x 578.16pt>
File: figures/calib_chaos.pdf Graphic file (type pdf)

<use figures/calib_chaos.pdf>
Package pdftex.def Info: figures/calib_chaos.pdf used on input line 659.
(pdftex.def)             Requested size: 173.44933pt x 173.44933pt.
 [17] [18 <./figures/calib3d.pdf> <./figures/calib_chaos.pdf>]
</Users/Juste/Documents/Cours/TheoreticalAnalysisComplexSystems/Project/Results
/Cloning/psi.png, id=375, 578.16pt x 433.62pt>
File: /Users/Juste/Documents/Cours/TheoreticalAnalysisComplexSystems/Project/Re
sults/Cloning/psi.png Graphic file (type png)

<use /Users/Juste/Documents/Cours/TheoreticalAnalysisComplexSystems/Project/Res
ults/Cloning/psi.png>
Package pdftex.def Info: /Users/Juste/Documents/Cours/TheoreticalAnalysisComple
xSystems/Project/Results/Cloning/psi.png used on input line 696.
(pdftex.def)             Requested size: 404.70924pt x 303.53192pt.

</Users/Juste/Documents/Cours/TheoreticalAnalysisComplexSystems/Project/Results
/Cloning/activityspositive.png, id=376, 578.16pt x 433.62pt>
File: /Users/Juste/Documents/Cours/TheoreticalAnalysisComplexSystems/Project/Re
sults/Cloning/activityspositive.png Graphic file (type png)

<use /Users/Juste/Documents/Cours/TheoreticalAnalysisComplexSystems/Project/Res
ults/Cloning/activityspositive.png>
Package pdftex.def Info: /Users/Juste/Documents/Cours/TheoreticalAnalysisComple
xSystems/Project/Results/Cloning/activityspositive.png used on input line 698.
(pdftex.def)             Requested size: 404.70924pt x 303.53192pt.

Overfull \hbox (35.70924pt too wide) in paragraph at lines 696--699
[][]
 []


Overfull \hbox (35.70924pt too wide) in paragraph at lines 696--699
[] 
 []


LaTeX Warning: Float too large for page by 94.89638pt on input line 700.

[19] [20 </Users/Juste/Documents/Cours/TheoreticalAnalysisComplexSystems/Projec
t/Results/Cloning/psi.png> </Users/Juste/Documents/Cours/TheoreticalAnalysisCom
plexSystems/Project/Results/Cloning/activityspositive.png>] (./report.bbl
[21]) [22] (./report.aux)

LaTeX Warning: There were undefined references.

 ) 
Here is how much of TeX's memory you used:
 3348 strings out of 493633
 52727 string characters out of 3143378
 114523 words of memory out of 3000000
 6581 multiletter control sequences out of 15000+200000
 14312 words of font info for 54 fonts, out of 3000000 for 9000
 831 hyphenation exceptions out of 8191
 44i,9n,45p,1539b,386s stack positions out of 5000i,500n,10000p,200000b,50000s
</usr/local/texlive/2011/texmf-dist/fonts/type1/public/amsfonts/cm/cmbx10.pfb
></usr/local/texlive/2011/texmf-dist/fonts/type1/public/amsfonts/cm/cmcsc10.pfb
></usr/local/texlive/2011/texmf-dist/fonts/type1/public/amsfonts/cm/cmex10.pfb>
</usr/local/texlive/2011/texmf-dist/fonts/type1/public/amsfonts/cm/cmmi10.pfb><
/usr/local/texlive/2011/texmf-dist/fonts/type1/public/amsfonts/cm/cmmi5.pfb></u
sr/local/texlive/2011/texmf-dist/fonts/type1/public/amsfonts/cm/cmmi6.pfb></usr
/local/texlive/2011/texmf-dist/fonts/type1/public/amsfonts/cm/cmmi7.pfb></usr/l
ocal/texlive/2011/texmf-dist/fonts/type1/public/amsfonts/cm/cmmi9.pfb></usr/loc
al/texlive/2011/texmf-dist/fonts/type1/public/amsfonts/cm/cmr10.pfb></usr/local
/texlive/2011/texmf-dist/fonts/type1/public/amsfonts/cm/cmr6.pfb></usr/local/te
xlive/2011/texmf-dist/fonts/type1/public/amsfonts/cm/cmr7.pfb></usr/local/texli
ve/2011/texmf-dist/fonts/type1/public/amsfonts/cm/cmr9.pfb></usr/local/texlive/
2011/texmf-dist/fonts/type1/public/amsfonts/cm/cmss10.pfb></usr/local/texlive/2
011/texmf-dist/fonts/type1/public/amsfonts/cm/cmssbx10.pfb></usr/local/texlive/
2011/texmf-dist/fonts/type1/public/amsfonts/cm/cmsy10.pfb></usr/local/texlive/2
011/texmf-dist/fonts/type1/public/amsfonts/cm/cmsy5.pfb></usr/local/texlive/201
1/texmf-dist/fonts/type1/public/amsfonts/cm/cmsy7.pfb></usr/local/texlive/2011/
texmf-dist/fonts/type1/public/amsfonts/cm/cmti10.pfb></usr/local/texlive/2011/t
exmf-dist/fonts/type1/public/amsfonts/cm/cmti9.pfb></usr/local/texlive/2011/tex
mf-dist/fonts/type1/public/amsfonts/cm/cmtt10.pfb></usr/local/texlive/2011/texm
f-dist/fonts/type1/public/amsfonts/cm/cmtt9.pfb></usr/local/texlive/2011/texmf-
dist/fonts/type1/public/amsfonts/symbols/msbm10.pfb></usr/local/texlive/2011/te
xmf-dist/fonts/type1/public/amsfonts/symbols/msbm7.pfb>
Output written on report.pdf (22 pages, 1110002 bytes).
PDF statistics:
 465 PDF objects out of 1000 (max. 8388607)
 291 compressed objects within 3 object streams
 0 named destinations out of 1000 (max. 500000)
 66 words of extra memory for PDF output out of 10000 (max. 10000000)

