This is pdfTeX, Version 3.1415926-2.3-1.40.12 (TeX Live 2011) (format=pdflatex 2011.7.3)  8 DEC 2014 02:13
entering extended mode
 \write18 enabled.
 file:line:error style messages enabled.
 %&-line parsing enabled.
**suppMaterial.tex
(./suppMaterial.tex
LaTeX2e <2009/09/24>
Babel <v3.8l> and hyphenation patterns for english, dumylang, nohyphenation, ge
rman-x-2009-06-19, ngerman-x-2009-06-19, afrikaans, ancientgreek, ibycus, arabi
c, armenian, basque, bulgarian, catalan, pinyin, coptic, croatian, czech, danis
h, dutch, ukenglish, usenglishmax, esperanto, estonian, ethiopic, farsi, finnis
h, french, galician, german, ngerman, swissgerman, monogreek, greek, hungarian,
 icelandic, assamese, bengali, gujarati, hindi, kannada, malayalam, marathi, or
iya, panjabi, tamil, telugu, indonesian, interlingua, irish, italian, kurmanji,
 lao, latin, latvian, lithuanian, mongolian, mongolianlmc, bokmal, nynorsk, pol
ish, portuguese, romanian, russian, sanskrit, serbian, serbianc, slovak, sloven
ian, spanish, swedish, turkish, turkmen, ukrainian, uppersorbian, welsh, loaded
.
(./svjour.cls
Document Class: svjour 1997/11/17 
LaTeX document class for Springer journals - version 1.1
(/usr/local/texlive/2011/texmf-dist/tex/latex/base/inputenc.sty
Package: inputenc 2008/03/30 v1.1d Input encoding file
\inpenc@prehook=\toks14
\inpenc@posthook=\toks15

(/usr/local/texlive/2011/texmf-dist/tex/latex/base/latin1.def
File: latin1.def 2008/03/30 v1.1d Input encoding file
)) (./svepjH.clo
File: svepjH.clo 2006/9/9 v1 style option for The European Physical Journal H

Class option: svepjH.clo for The European Physical Journal H
)
LaTeX Font Info:    Redeclaring math symbol \Gamma on input line 92.
LaTeX Font Info:    Redeclaring math symbol \Delta on input line 93.
LaTeX Font Info:    Redeclaring math symbol \Theta on input line 94.
LaTeX Font Info:    Redeclaring math symbol \Lambda on input line 95.
LaTeX Font Info:    Redeclaring math symbol \Xi on input line 96.
LaTeX Font Info:    Redeclaring math symbol \Pi on input line 97.
LaTeX Font Info:    Redeclaring math symbol \Sigma on input line 98.
LaTeX Font Info:    Redeclaring math symbol \Upsilon on input line 99.
LaTeX Font Info:    Redeclaring math symbol \Phi on input line 100.
LaTeX Font Info:    Redeclaring math symbol \Psi on input line 101.
LaTeX Font Info:    Redeclaring math symbol \Omega on input line 102.
\logodepth=\dimen102
\headerboxheight=\dimen103
\betweenumberspace=\dimen104
\aftertext=\dimen105
\headlineindent=\dimen106
\c@inst=\count79
\c@auth=\count80
\instindent=\dimen107
\authrun=\box26
\authorrunning=\toks16
\titrun=\box27
\titlerunning=\toks17
\c@section=\count81
\c@subsection=\count82
\c@subsubsection=\count83
\c@paragraph=\count84
\c@subparagraph=\count85
\c@theorem=\count86
\c@case=\count87
\c@conjecture=\count88
\c@corollary=\count89
\c@definition=\count90
\c@example=\count91
\c@exercise=\count92
\c@lemma=\count93
\c@note=\count94
\c@problem=\count95
\c@property=\count96
\c@proposition=\count97
\c@question=\count98
\c@solution=\count99
\c@remark=\count100
\c@figure=\count101
\c@table=\count102
\abovecaptionskip=\skip41
\belowcaptionskip=\skip42
\figcapgap=\dimen108
\tabcapgap=\dimen109
\figgap=\dimen110
\bibindent=\dimen111
\@tempcntc=\count103
) (/usr/local/texlive/2011/texmf-dist/tex/latex/graphics/graphicx.sty
Package: graphicx 1999/02/16 v1.0f Enhanced LaTeX Graphics (DPC,SPQR)

(/usr/local/texlive/2011/texmf-dist/tex/latex/graphics/keyval.sty
Package: keyval 1999/03/16 v1.13 key=value parser (DPC)
\KV@toks@=\toks18
)
(/usr/local/texlive/2011/texmf-dist/tex/latex/graphics/graphics.sty
Package: graphics 2009/02/05 v1.0o Standard LaTeX Graphics (DPC,SPQR)

(/usr/local/texlive/2011/texmf-dist/tex/latex/graphics/trig.sty
Package: trig 1999/03/16 v1.09 sin cos tan (DPC)
)
(/usr/local/texlive/2011/texmf-dist/tex/latex/latexconfig/graphics.cfg
File: graphics.cfg 2010/04/23 v1.9 graphics configuration of TeX Live
)
Package graphics Info: Driver file: pdftex.def on input line 91.

(/usr/local/texlive/2011/texmf-dist/tex/latex/pdftex-def/pdftex.def
File: pdftex.def 2011/05/27 v0.06d Graphics/color for pdfTeX

(/usr/local/texlive/2011/texmf-dist/tex/generic/oberdiek/infwarerr.sty
Package: infwarerr 2010/04/08 v1.3 Providing info/warning/message (HO)
)
(/usr/local/texlive/2011/texmf-dist/tex/generic/oberdiek/ltxcmds.sty
Package: ltxcmds 2011/04/18 v1.20 LaTeX kernel commands for general use (HO)
)
\Gread@gobject=\count104
))
\Gin@req@height=\dimen112
\Gin@req@width=\dimen113
)
(/usr/local/texlive/2011/texmf-dist/tex/latex/subfig/subfig.sty
Package: subfig 2005/06/28 ver: 1.3 subfig package

(/usr/local/texlive/2011/texmf-dist/tex/latex/caption/caption.sty
Package: caption 2010/01/09 v3.1m Customizing captions (AR)

(/usr/local/texlive/2011/texmf-dist/tex/latex/caption/caption3.sty
Package: caption3 2010/01/14 v3.1m caption3 kernel (AR)
\captionmargin=\dimen114
\captionmargin@=\dimen115
\captionwidth=\dimen116
\caption@indent=\dimen117
\caption@parindent=\dimen118
\caption@hangindent=\dimen119
Package caption Info: Unknown document class (or package),
(caption)             standard defaults will be used on input line 1084.
)

Package caption Warning: Unsupported document class (or package) detected,
(caption)                usage of the caption package is not recommended.
See the caption package documentation for explanation.

Package caption Info: \@makecaption = \long macro:#1#2->\captionstyle \ifx \@ca
ptype \fig@type \vskip \figcapgap \fi \setbox \@tempboxa \hbox {{\floatlegendst
yle #1\floatcounterend }\capstrut #2}\ifdim \wd \@tempboxa >\hsize {\floatlegen
dstyle #1\floatcounterend }\capstrut #2\par \else \hbox to\hsize {\leftlegendgl
ue \unhbox \@tempboxa \hfil }\fi \ifx \@captype \fig@type \else \vskip \tabcapg
ap \fi .
\c@ContinuedFloat=\count105
)
\c@KVtest=\count106
\sf@farskip=\skip43
\sf@captopadj=\dimen120
\sf@capskip=\skip44
\sf@nearskip=\skip45
\c@subfigure=\count107
\c@subfigure@save=\count108
\c@lofdepth=\count109
\c@subtable=\count110
\c@subtable@save=\count111
\c@lotdepth=\count112
\sf@top=\skip46
\sf@bottom=\skip47
) (/usr/local/texlive/2011/texmf-dist/tex/latex/amsfonts/amssymb.sty
Package: amssymb 2009/06/22 v3.00

(/usr/local/texlive/2011/texmf-dist/tex/latex/amsfonts/amsfonts.sty
Package: amsfonts 2009/06/22 v3.00 Basic AMSFonts support
\@emptytoks=\toks19
\symAMSa=\mathgroup4
\symAMSb=\mathgroup5
LaTeX Font Info:    Overwriting math alphabet `\mathfrak' in version `bold'
(Font)                  U/euf/m/n --> U/euf/b/n on input line 96.
))
(/usr/local/texlive/2011/texmf-dist/tex/latex/bbm-macros/bbm.sty
Package: bbm 1999/03/15 V 1.2 provides fonts for set symbols - TH
LaTeX Font Info:    Overwriting math alphabet `\mathbbm' in version `bold'
(Font)                  U/bbm/m/n --> U/bbm/bx/n on input line 33.
LaTeX Font Info:    Overwriting math alphabet `\mathbbmss' in version `bold'
(Font)                  U/bbmss/m/n --> U/bbmss/bx/n on input line 35.
)
(/usr/local/texlive/2011/texmf-dist/tex/latex/wrapfig/wrapfig.sty
\wrapoverhang=\dimen121
\WF@size=\dimen122
\c@WF@wrappedlines=\count113
\WF@box=\box28
\WF@everypar=\toks20
Package: wrapfig 2003/01/31  v 3.6
)
(/usr/local/texlive/2011/texmf-dist/tex/latex/listings/listings.sty
\lst@mode=\count114
\lst@gtempboxa=\box29
\lst@token=\toks21
\lst@length=\count115
\lst@currlwidth=\dimen123
\lst@column=\count116
\lst@pos=\count117
\lst@lostspace=\dimen124
\lst@width=\dimen125
\lst@newlines=\count118
\lst@lineno=\count119
\lst@maxwidth=\dimen126

(/usr/local/texlive/2011/texmf-dist/tex/latex/listings/lstmisc.sty
File: lstmisc.sty 2007/02/22 1.4 (Carsten Heinz)
\c@lstnumber=\count120
\lst@skipnumbers=\count121
\lst@framebox=\box30
)
(/usr/local/texlive/2011/texmf-dist/tex/latex/listings/listings.cfg
File: listings.cfg 2007/02/22 1.4 listings configuration
))
Package: listings 2007/02/22 1.4 (Carsten Heinz)

(/usr/local/texlive/2011/texmf-dist/tex/latex/amsmath/amsmath.sty
Package: amsmath 2000/07/18 v2.13 AMS math features
\@mathmargin=\skip48

For additional information on amsmath, use the `?' option.
(/usr/local/texlive/2011/texmf-dist/tex/latex/amsmath/amstext.sty
Package: amstext 2000/06/29 v2.01

(/usr/local/texlive/2011/texmf-dist/tex/latex/amsmath/amsgen.sty
File: amsgen.sty 1999/11/30 v2.0
\@emptytoks=\toks22
\ex@=\dimen127
))
(/usr/local/texlive/2011/texmf-dist/tex/latex/amsmath/amsbsy.sty
Package: amsbsy 1999/11/29 v1.2d
\pmbraise@=\dimen128
)
(/usr/local/texlive/2011/texmf-dist/tex/latex/amsmath/amsopn.sty
Package: amsopn 1999/12/14 v2.01 operator names
)
\inf@bad=\count122
LaTeX Info: Redefining \frac on input line 211.
\uproot@=\count123
\leftroot@=\count124
LaTeX Info: Redefining \overline on input line 307.
\classnum@=\count125
\DOTSCASE@=\count126
LaTeX Info: Redefining \ldots on input line 379.
LaTeX Info: Redefining \dots on input line 382.
LaTeX Info: Redefining \cdots on input line 467.
\Mathstrutbox@=\box31
\strutbox@=\box32
\big@size=\dimen129
LaTeX Font Info:    Redeclaring font encoding OML on input line 567.
LaTeX Font Info:    Redeclaring font encoding OMS on input line 568.


Package amsmath Warning: Unable to redefine math accent \vec.

\macc@depth=\count127
\c@MaxMatrixCols=\count128
\dotsspace@=\muskip10
\c@parentequation=\count129
\dspbrk@lvl=\count130
\tag@help=\toks23
\row@=\count131
\column@=\count132
\maxfields@=\count133
\andhelp@=\toks24
\eqnshift@=\dimen130
\alignsep@=\dimen131
\tagshift@=\dimen132
\tagwidth@=\dimen133
\totwidth@=\dimen134
\lineht@=\dimen135
\@envbody=\toks25
\multlinegap=\skip49
\multlinetaggap=\skip50
\mathdisplay@stack=\toks26
LaTeX Info: Redefining \[ on input line 2666.
LaTeX Info: Redefining \] on input line 2667.
) (./suppMaterial.aux

LaTeX Warning: Label `fig:modelinterface' multiply defined.


LaTeX Warning: Label `fig:modelinterface' multiply defined.


LaTeX Warning: Label `fig:modelinterface' multiply defined.


LaTeX Warning: Label `fig:modelinterface' multiply defined.


LaTeX Warning: Label `fig:modelinterface' multiply defined.


LaTeX Warning: Label `fig:modelinterface' multiply defined.

)
\openout1 = `suppMaterial.aux'.

LaTeX Font Info:    Checking defaults for OML/cmm/m/it on input line 17.
LaTeX Font Info:    ... okay on input line 17.
LaTeX Font Info:    Checking defaults for T1/cmr/m/n on input line 17.
LaTeX Font Info:    ... okay on input line 17.
LaTeX Font Info:    Checking defaults for OT1/cmr/m/n on input line 17.
LaTeX Font Info:    ... okay on input line 17.
LaTeX Font Info:    Checking defaults for OMS/cmsy/m/n on input line 17.
LaTeX Font Info:    ... okay on input line 17.
LaTeX Font Info:    Checking defaults for OMX/cmex/m/n on input line 17.
LaTeX Font Info:    ... okay on input line 17.
LaTeX Font Info:    Checking defaults for U/cmr/m/n on input line 17.
LaTeX Font Info:    ... okay on input line 17.
 (/usr/local/texlive/2011/texmf-dist/tex/context/base/supp-pdf.mkii
[Loading MPS to PDF converter (version 2006.09.02).]
\scratchcounter=\count134
\scratchdimen=\dimen136
\scratchbox=\box33
\nofMPsegments=\count135
\nofMParguments=\count136
\everyMPshowfont=\toks27
\MPscratchCnt=\count137
\MPscratchDim=\dimen137
\MPnumerator=\count138
\makeMPintoPDFobject=\count139
\everyMPtoPDFconversion=\toks28
) (/usr/local/texlive/2011/texmf-dist/tex/generic/oberdiek/pdftexcmds.sty
Package: pdftexcmds 2011/04/22 v0.16 Utilities of pdfTeX for LuaTeX (HO)

(/usr/local/texlive/2011/texmf-dist/tex/generic/oberdiek/ifluatex.sty
Package: ifluatex 2010/03/01 v1.3 Provides the ifluatex switch (HO)
Package ifluatex Info: LuaTeX not detected.
)
(/usr/local/texlive/2011/texmf-dist/tex/generic/oberdiek/ifpdf.sty
Package: ifpdf 2011/01/30 v2.3 Provides the ifpdf switch (HO)
Package ifpdf Info: pdfTeX in PDF mode is detected.
)
Package pdftexcmds Info: LuaTeX not detected.
Package pdftexcmds Info: \pdf@primitive is available.
Package pdftexcmds Info: \pdf@ifprimitive is available.
Package pdftexcmds Info: \pdfdraftmode found.
)
(/usr/local/texlive/2011/texmf-dist/tex/latex/oberdiek/epstopdf-base.sty
Package: epstopdf-base 2010/02/09 v2.5 Base part for package epstopdf

(/usr/local/texlive/2011/texmf-dist/tex/latex/oberdiek/grfext.sty
Package: grfext 2010/08/19 v1.1 Managing graphics extensions (HO)

(/usr/local/texlive/2011/texmf-dist/tex/generic/oberdiek/kvdefinekeys.sty
Package: kvdefinekeys 2011/04/07 v1.3 Defining keys (HO)
))
(/usr/local/texlive/2011/texmf-dist/tex/latex/oberdiek/kvoptions.sty
Package: kvoptions 2010/12/23 v3.10 Keyval support for LaTeX options (HO)

(/usr/local/texlive/2011/texmf-dist/tex/generic/oberdiek/kvsetkeys.sty
Package: kvsetkeys 2011/04/07 v1.13 Key value parser (HO)

(/usr/local/texlive/2011/texmf-dist/tex/generic/oberdiek/etexcmds.sty
Package: etexcmds 2011/02/16 v1.5 Prefix for e-TeX command names (HO)
Package etexcmds Info: Could not find \expanded.
(etexcmds)             That can mean that you are not using pdfTeX 1.50 or
(etexcmds)             that some package has redefined \expanded.
(etexcmds)             In the latter case, load this package earlier.
)))
Package grfext Info: Graphics extension search list:
(grfext)             [.png,.pdf,.jpg,.mps,.jpeg,.jbig2,.jb2,.PNG,.PDF,.JPG,.JPE
G,.JBIG2,.JB2,.eps]
(grfext)             \AppendGraphicsExtensions on input line 452.

(/usr/local/texlive/2011/texmf-dist/tex/latex/latexconfig/epstopdf-sys.cfg
File: epstopdf-sys.cfg 2010/07/13 v1.3 Configuration of (r)epstopdf for TeX Liv
e
))
Package caption Info: Begin \AtBeginDocument code.
Package caption3 Info: subfig package 1.2 or 1.3 is loaded.
LaTeX Info: Redefining \subref on input line 17.
Package caption Info: listings package is loaded.
Package caption Info: wrapfig package is loaded.
Package caption Info: End \AtBeginDocument code.
\c@lstlisting=\count140
LaTeX Font Info:    Try loading font information for U+msa on input line 44.

(/usr/local/texlive/2011/texmf-dist/tex/latex/amsfonts/umsa.fd
File: umsa.fd 2009/06/22 v3.00 AMS symbols A
)
LaTeX Font Info:    Try loading font information for U+msb on input line 44.

(/usr/local/texlive/2011/texmf-dist/tex/latex/amsfonts/umsb.fd
File: umsb.fd 2009/06/22 v3.00 AMS symbols B
)
LaTeX Font Info:    Try loading font information for OMS+cmr on input line 44.

(/usr/local/texlive/2011/texmf-dist/tex/latex/base/omscmr.fd
File: omscmr.fd 1999/05/25 v2.5h Standard LaTeX font definitions
)
LaTeX Font Info:    Font shape `OMS/cmr/m/n' in size <9> not available
(Font)              Font shape `OMS/cmsy/m/n' tried instead on input line 44.
 [1{/usr/local/texlive/2011/texmf-var/fonts/map/pdftex/updmap/pdftex.map}] [2]
<figures/questionnaire.png, id=18, 1270.7475pt x 820.06375pt>
File: figures/questionnaire.png Graphic file (type png)

<use figures/questionnaire.png>
Package pdftex.def Info: figures/questionnaire.png used on input line 138.
(pdftex.def)             Requested size: 1270.7444pt x 820.06175pt.

Overfull \hbox (93.72374pt too wide) in paragraph at lines 138--139
[][] 
 []


LaTeX Warning: Float too large for page by 140.75076pt on input line 141.

<figures/questionnaire_scenarii.png, id=19, 1221.56375pt x 703.62875pt>
File: figures/questionnaire_scenarii.png Graphic file (type png)

<use figures/questionnaire_scenarii.png>
Package pdftex.def Info: figures/questionnaire_scenarii.png used on input line 
144.
(pdftex.def)             Requested size: 1037.32758pt x 597.50787pt.

Overfull \hbox (668.32758pt too wide) in paragraph at lines 144--145
[][] 
 []


LaTeX Warning: Float too large for page by 21.23506pt on input line 147.

<figures/questionnaire_webmaster.png, id=20, 867.24pt x 763.85374pt>
File: figures/questionnaire_webmaster.png Graphic file (type png)

<use figures/questionnaire_webmaster.png>
Package pdftex.def Info: figures/questionnaire_webmaster.png used on input line
 150.
(pdftex.def)             Requested size: 542.69856pt x 478.00812pt.

Overfull \hbox (173.69856pt too wide) in paragraph at lines 150--151
[][] 
 []

<figures/screenBase.png, id=21, 1444.39626pt x 776.9025pt>
File: figures/screenBase.png Graphic file (type png)

<use figures/screenBase.png>
Package pdftex.def Info: figures/screenBase.png used on input line 159.
(pdftex.def)             Requested size: 1444.39273pt x 776.90059pt.

Overfull \hbox (16.6526pt too wide) in paragraph at lines 159--160
[][] 
 []


LaTeX Warning: Float too large for page by 140.72218pt on input line 162.

LaTeX Font Info:    Try loading font information for U+bbm on input line 173.
(/usr/local/texlive/2011/texmf-dist/tex/latex/bbm-macros/ubbm.fd
File: ubbm.fd 1999/03/15 V 1.2 Font definition for bbm font - TH
)
Overfull \hbox (1.53941pt too wide) in paragraph at lines 181--181
[] 
 []

<figures/modelResults1.png, id=22, 682.55pt x 481.8pt>
File: figures/modelResults1.png Graphic file (type png)

<use figures/modelResults1.png>
Package pdftex.def Info: figures/modelResults1.png used on input line 186.
(pdftex.def)             Requested size: 369.0pt x 260.47688pt.

<figures/modelResults2.png, id=23, 681.54625pt x 146.5475pt>
File: figures/modelResults2.png Graphic file (type png)

<use figures/modelResults2.png>
Package pdftex.def Info: figures/modelResults2.png used on input line 187.
(pdftex.def)             Requested size: 369.0pt x 79.34465pt.

Overfull \hbox (0.15039pt too wide) in paragraph at lines 185--188
[]  [] 
 []

[3] [4 <./figures/questionnaire.png>] [5 <./figures/questionnaire_scenarii.png>
] [6 <./figures/questionnaire_webmaster.png>] [7 <./figures/screenBase.png>]
[8 <./figures/modelResults1.png> <./figures/modelResults2.png>]
LaTeX Font Info:    Try loading font information for OML+cmr on input line 222.


(/usr/local/texlive/2011/texmf-dist/tex/latex/base/omlcmr.fd
File: omlcmr.fd 1999/05/25 v2.5h Standard LaTeX font definitions
)
LaTeX Font Info:    Font shape `OML/cmr/m/n' in size <9> not available
(Font)              Font shape `OML/cmm/m/it' tried instead on input line 222.

Overfull \hbox (36.15134pt too wide) in paragraph at lines 271--272
[][][][][][][][][][][][][][][][][][][][][][][][][][][][][] 
 []


Overfull \hbox (13.95126pt too wide) in paragraph at lines 272--274
[][][][][][][][][][][][][][][][][][][][][][][] 
 []


Overfull \hbox (86.1015pt too wide) in paragraph at lines 280--281
[][][][][][][][][][][][][][][][][][][][][][][][][][][] 
 []


Overfull \hbox (136.05167pt too wide) in paragraph at lines 283--284
[][][][][][][][][][][][][][][][][][][][][][][][][][][][][][][][][][][][][][][][
][][][][] 
 []


Overfull \hbox (25.0513pt too wide) in paragraph at lines 286--287
[][][][][][][][][][][][][][][][][][][][][][][][][][][][] 
 []


Underfull \hbox (badness 10000) in paragraph at lines 315--316

 []

LaTeX Font Info:    Try loading font information for OMS+cmtt on input line 323
.
LaTeX Font Info:    No file OMScmtt.fd. on input line 323.

LaTeX Font Warning: Font shape `OMS/cmtt/m/n' undefined
(Font)              using `OMS/cmsy/m/n' instead
(Font)              for symbol `textbraceleft' on input line 323.


Overfull \hbox (13.24686pt too wide) in paragraph at lines 323--324
[]\OMS/cmtt/m/n/10 f\OT1/cmtt/m/n/10 "number":11029,"name":"11029 - MENILMONTAN
T OBERKAMPF","address":"137
 []


Overfull \hbox (19.24667pt too wide) in paragraph at lines 323--324
\OT1/cmtt/m/n/10 BOULEVARD MENILMONTANT - 75011 PARIS", "position":\OMS/cmtt/m/
n/10 f\OT1/cmtt/m/n/10 "lat":48.8666176586814,
 []

[9] <figures/exTS_1.png, id=52, 664.4825pt x 344.28625pt>
File: figures/exTS_1.png Graphic file (type png)

<use figures/exTS_1.png>
Package pdftex.def Info: figures/exTS_1.png used on input line 334.
(pdftex.def)             Requested size: 369.0pt x 159.59029pt.
 <figures/exTS_2.png, id=54, 664.4825pt x 339.2675pt>
File: figures/exTS_2.png Graphic file (type png)

<use figures/exTS_2.png>
Package pdftex.def Info: figures/exTS_2.png used on input line 336.
(pdftex.def)             Requested size: 369.0pt x 156.80324pt.
 <figures/exTS_3.png, id=55, 664.4825pt x 339.2675pt>
File: figures/exTS_3.png Graphic file (type png)

<use figures/exTS_3.png>
Package pdftex.def Info: figures/exTS_3.png used on input line 338.
(pdftex.def)             Requested size: 369.0pt x 156.80324pt.
 <figures/exTS_4.png, id=56, 664.4825pt x 339.2675pt>
File: figures/exTS_4.png Graphic file (type png)

<use figures/exTS_4.png>
Package pdftex.def Info: figures/exTS_4.png used on input line 340.
(pdftex.def)             Requested size: 369.0pt x 156.80324pt.


LaTeX Warning: Float too large for page by 56.28966pt on input line 342.

<figures/gisex_paris.png, id=57, 1142.2675pt x 665.48625pt>
File: figures/gisex_paris.png Graphic file (type png)

<use figures/gisex_paris.png>
Package pdftex.def Info: figures/gisex_paris.png used on input line 348.
(pdftex.def)             Requested size: 1142.26472pt x 665.48462pt.


LaTeX Warning: Float too large for page by 32.46558pt on input line 350.

<figures/gisex_district.png, id=58, 1135.24126pt x 695.59875pt>
File: figures/gisex_district.png Graphic file (type png)

<use figures/gisex_district.png>
Package pdftex.def Info: figures/gisex_district.png used on input line 353.
(pdftex.def)             Requested size: 369.0pt x 226.09875pt.
 [10] [11 <./figures/exTS_1.png> <./figures/exTS_2.png> <./figures/exTS_3.png> 
<./figures/exTS_4.png>] [12 <./figures/gisex_paris.png>] [13] [14 <./figures/gi
sex_district.png>] [15]
<figures/modelinterface.png, id=85, 1445.4pt x 903.375pt>
File: figures/modelinterface.png Graphic file (type png)

<use figures/modelinterface.png>
Package pdftex.def Info: figures/modelinterface.png used on input line 485.
(pdftex.def)             Requested size: 1445.39648pt x 903.3728pt.

Overfull \hbox (79.13002pt too wide) in paragraph at lines 485--486
[][] 
 []


LaTeX Warning: Float too large for page by 140.73523pt on input line 488.

<figures/ex_lowpars_travels.png, id=86, 317.185pt x 181.67876pt>
File: figures/ex_lowpars_travels.png Graphic file (type png)

<use figures/ex_lowpars_travels.png>
Package pdftex.def Info: figures/ex_lowpars_travels.png used on input line 493.

(pdftex.def)             Requested size: 210.3327pt x 120.4794pt.

<figures/ex_lowpars_adverse.png, id=87, 157.58875pt x 118.4425pt>
File: figures/ex_lowpars_adverse.png Graphic file (type png)

<use figures/ex_lowpars_adverse.png>
Package pdftex.def Info: figures/ex_lowpars_adverse.png used on input line 494.

(pdftex.def)             Requested size: 158.6673pt x 119.25908pt.

<figures/ex_lowpars_lf.png, id=88, 158.5925pt x 118.4425pt>
File: figures/ex_lowpars_lf.png Graphic file (type png)

<use figures/ex_lowpars_lf.png>
Package pdftex.def Info: figures/ex_lowpars_lf.png used on input line 495.
(pdftex.def)             Requested size: 184.5pt x 137.80182pt.

<figures/ex_lowpars_het.png, id=89, 157.58875pt x 118.4425pt>
File: figures/ex_lowpars_het.png Graphic file (type png)

<use figures/ex_lowpars_het.png>
Package pdftex.def Info: figures/ex_lowpars_het.png used on input line 496.
(pdftex.def)             Requested size: 184.5pt x 138.67654pt.

Overfull \hbox (2.05554pt too wide) in paragraph at lines 493--497
[][] [] 
 []


Overfull \hbox (2.05554pt too wide) in paragraph at lines 493--497
[] [] 
 []

<figures/ex_highpars_travels.png, id=90, 318.18875pt x 183.68625pt>
File: figures/ex_highpars_travels.png Graphic file (type png)

<use figures/ex_highpars_travels.png>
Package pdftex.def Info: figures/ex_highpars_travels.png used on input line 503
.
(pdftex.def)             Requested size: 210.3327pt x 121.42107pt.

<figures/ex_highpars_adverse.png, id=91, 157.58875pt x 118.4425pt>
File: figures/ex_highpars_adverse.png Graphic file (type png)

<use figures/ex_highpars_adverse.png>
Package pdftex.def Info: figures/ex_highpars_adverse.png used on input line 504
.
(pdftex.def)             Requested size: 158.6673pt x 119.25908pt.

<figures/ex_highpars_lf.png, id=92, 155.58125pt x 116.435pt>
File: figures/ex_highpars_lf.png Graphic file (type png)

<use figures/ex_highpars_lf.png>
Package pdftex.def Info: figures/ex_highpars_lf.png used on input line 505.
(pdftex.def)             Requested size: 184.5pt x 138.07967pt.

<figures/ex_highpars_het.png, id=93, 158.5925pt x 115.43124pt>
File: figures/ex_highpars_het.png Graphic file (type png)

<use figures/ex_highpars_het.png>
Package pdftex.def Info: figures/ex_highpars_het.png used on input line 506.
(pdftex.def)             Requested size: 184.5pt x 134.29839pt.

Overfull \hbox (2.05554pt too wide) in paragraph at lines 503--507
[][] [] 
 []


Overfull \hbox (2.05554pt too wide) in paragraph at lines 503--507
[] [] 
 []

<figures/histogram.pdf, id=94, 844.15375pt x 597.23125pt>
File: figures/histogram.pdf Graphic file (type pdf)

<use figures/histogram.pdf>
Package pdftex.def Info: figures/histogram.pdf used on input line 526.
(pdftex.def)             Requested size: 332.09775pt x 234.96056pt.
 [16] [17 <./figures/modelinterface.png>]
<figures/hetero.pdf, id=101, 433.62pt x 289.08pt>
File: figures/hetero.pdf Graphic file (type pdf)
 <use figures/hetero.pdf>
Package pdftex.def Info: figures/hetero.pdf used on input line 578.
(pdftex.def)             Requested size: 180.81203pt x 131.92404pt.

<figures/adverseRadius.pdf, id=102, 433.62pt x 289.08pt>
File: figures/adverseRadius.pdf Graphic file (type pdf)

<use figures/adverseRadius.pdf>
Package pdftex.def Info: figures/adverseRadius.pdf used on input line 584.
(pdftex.def)             Requested size: 180.81203pt x 122.65967pt.
 [18 <./figures/ex_lowpars_travels.png> <./figures/ex_lowpars_adverse.png> <./f
igures/ex_lowpars_lf.png> <./figures/ex_lowpars_het.png>] <figures/adverse.pdf,
 id=106, 433.62pt x 289.08pt>
File: figures/adverse.pdf Graphic file (type pdf)

<use figures/adverse.pdf>
Package pdftex.def Info: figures/adverse.pdf used on input line 622.
(pdftex.def)             Requested size: 177.11842pt x 106.45619pt.
 <figures/detours.pdf, id=107, 433.62pt x 289.08pt>
File: figures/detours.pdf Graphic file (type pdf)

<use figures/detours.pdf>
Package pdftex.def Info: figures/detours.pdf used on input line 627.
(pdftex.def)             Requested size: 177.11842pt x 106.45619pt.
 <figures/convalgo.jpg, id=108, 722.7pt x 963.6pt>
File: figures/convalgo.jpg Graphic file (type jpg)

<use figures/convalgo.jpg>
Package pdftex.def Info: figures/convalgo.jpg used on input line 646.
(pdftex.def)             Requested size: 369.0022pt x 238.98798pt.
 [19 <./figures/ex_highpars_travels.png> <./figures/ex_highpars_adverse.png> <.
/figures/ex_highpars_lf.png> <./figures/ex_highpars_het.png>] [20 <./figures/hi
stogram.pdf> <./figures/hetero.pdf> <./figures/adverseRadius.pdf>] (./suppMater
ial.bbl [21 <./figures/adverse.pdf> <./figures/detours.pdf> <./figures/convalgo
.jpg>]) [22] (./suppMaterial.aux)

LaTeX Font Warning: Some font shapes were not available, defaults substituted.


LaTeX Warning: There were multiply-defined labels.

 ) 
Here is how much of TeX's memory you used:
 5596 strings out of 493633
 80261 string characters out of 3143378
 174419 words of memory out of 3000000
 8779 multiletter control sequences out of 15000+200000
 13086 words of font info for 53 fonts, out of 3000000 for 9000
 831 hyphenation exceptions out of 8191
 44i,15n,45p,1416b,1336s stack positions out of 5000i,500n,10000p,200000b,50000s
 </Users/Juste/Library/texlive/2011/texmf-var/fonts/pk/ljfour/public/bbm/bbm1
0.600pk></usr/local/texlive/2011/texmf-dist/fonts/type1/public/amsfonts/cm/cmbx
10.pfb></usr/local/texlive/2011/texmf-dist/fonts/type1/public/amsfonts/cm/cmex1
0.pfb></usr/local/texlive/2011/texmf-dist/fonts/type1/public/amsfonts/cm/cmmi10
.pfb></usr/local/texlive/2011/texmf-dist/fonts/type1/public/amsfonts/cm/cmmi5.p
fb></usr/local/texlive/2011/texmf-dist/fonts/type1/public/amsfonts/cm/cmmi6.pfb
></usr/local/texlive/2011/texmf-dist/fonts/type1/public/amsfonts/cm/cmmi7.pfb><
/usr/local/texlive/2011/texmf-dist/fonts/type1/public/amsfonts/cm/cmmi9.pfb></u
sr/local/texlive/2011/texmf-dist/fonts/type1/public/amsfonts/cm/cmr10.pfb></usr
/local/texlive/2011/texmf-dist/fonts/type1/public/amsfonts/cm/cmr6.pfb></usr/lo
cal/texlive/2011/texmf-dist/fonts/type1/public/amsfonts/cm/cmr7.pfb></usr/local
/texlive/2011/texmf-dist/fonts/type1/public/amsfonts/cm/cmr9.pfb></usr/local/te
xlive/2011/texmf-dist/fonts/type1/public/amsfonts/cm/cmssbx10.pfb></usr/local/t
exlive/2011/texmf-dist/fonts/type1/public/amsfonts/cm/cmsy10.pfb></usr/local/te
xlive/2011/texmf-dist/fonts/type1/public/amsfonts/cm/cmsy5.pfb></usr/local/texl
ive/2011/texmf-dist/fonts/type1/public/amsfonts/cm/cmsy7.pfb></usr/local/texliv
e/2011/texmf-dist/fonts/type1/public/amsfonts/cm/cmsy9.pfb></usr/local/texlive/
2011/texmf-dist/fonts/type1/public/amsfonts/cm/cmti9.pfb></usr/local/texlive/20
11/texmf-dist/fonts/type1/public/amsfonts/cm/cmtt10.pfb></usr/local/texlive/201
1/texmf-dist/fonts/type1/public/amsfonts/cm/cmtt9.pfb>
Output written on suppMaterial.pdf (22 pages, 2400522 bytes).
PDF statistics:
 248 PDF objects out of 1000 (max. 8388607)
 157 compressed objects within 2 object streams
 0 named destinations out of 1000 (max. 500000)
 136 words of extra memory for PDF output out of 10000 (max. 10000000)

